make all --print-data-base --no-builtin-variables --no-builtin-rules --question
# GNU Make 4.2.1
# Built for x86_64-pc-linux-gnu
# Copyright (C) 1988-2016 Free Software Foundation, Inc.
# License GPLv3+: GNU GPL version 3 or later <http://gnu.org/licenses/gpl.html>
# This is free software: you are free to change and redistribute it.
# There is NO WARRANTY, to the extent permitted by law.

# Make data base, printed on Mon Jul  4 00:03:03 2022
 

# Variables

# automatic
<D = $(patsubst %/,%,$(dir $<))
# automatic
?F = $(notdir $?)
# environment
DESKTOP_SESSION = ubuntu
# default
.SHELLFLAGS := -c
# environment
XDG_SESSION_CLASS = user
# makefile (from 'Makefile', line 23)
LD_FLAGS = libft/libft.a -fsanitize=address
# environment
XDG_SESSION_TYPE = x11
# environment
VSCODE_LOG_NATIVE = false
# automatic
?D = $(patsubst %/,%,$(dir $?))
# makefile (from 'Makefile', line 17)
INCLUDES = -Iincludes
# automatic
@D = $(patsubst %/,%,$(dir $@))
# environment
XAUTHORITY = /mnt/nfs/homes/tmoragli/.Xauthority
# environment
GDMSESSION = ubuntu
# environment
XMODIFIERS = @im=ibus
# makefile
CURDIR := /mnt/nfs/homes/tmoragli/42/minishell
# makefile
SHELL = /bin/sh
# makefile (from 'Makefile', line 21)
RM = @rm -f
# environment
VSCODE_NLS_CONFIG = {"locale":"en-us","availableLanguages":{},"_languagePackSupport":true}
# environment
_ = /usr/share/code/code
# environment
JOURNAL_STREAM = 9:238110
# environment
XDG_CONFIG_DIRS = /etc/xdg/xdg-ubuntu:/etc/xdg
# makefile (from 'Makefile', line 1)
MAKEFILE_LIST :=  Makefile
# automatic
@F = $(notdir $@)
# environment
GIO_LAUNCHED_DESKTOP_FILE = /usr/share/applications/code.desktop
# 'override' directive
GNUMAKEFLAGS := 
# environment
MANDATORY_PATH = /usr/share/gconf/ubuntu.mandatory.path
# environment
XDG_DATA_DIRS = /usr/share/gnome:/usr/share/ubuntu:/mnt/nfs/homes/tmoragli/.local/share/flatpak/exports/share:/var/lib/flatpak/exports/share:/usr/local/share:/usr/share:/var/lib/snapd/desktop
# environment
DBUS_SESSION_BUS_ADDRESS = unix:path=/run/user/39231/bus
# environment
VSCODE_VERBOSE_LOGGING = true
# makefile (from 'Makefile', line 19)
OBJS = $(SRCS:.c=.o)
# environment
MANAGERPID = 39678
# environment
VSCODE_IPC_HOOK_EXTHOST = /run/user/39231/vscode-ipc-8d6cb1a5-08fa-425b-8d06-07f6731c9881.sock
# environment
VSCODE_CWD = /mnt/nfs/homes/tmoragli
# environment
XDG_SESSION_PATH = /org/freedesktop/DisplayManager/Session0
# environment
KRB5CCNAME = FILE:/tmp/krb5cc_39231_FEU6At
# default
MAKE_HOST := x86_64-pc-linux-gnu
# environment
PATH = /mnt/nfs/homes/tmoragli/bin:/usr/local/sbin:/usr/local/bin:/usr/sbin:/usr/bin:/sbin:/bin:/usr/games:/usr/local/games:/snap/bin
# makefile (from 'Makefile', line 13)
MINISHELL = minishell
# environment
GPG_AGENT_INFO = /run/user/39231/gnupg/S.gpg-agent:0:1
# environment
LSCOLORS = Gxfxcxdxbxegedabagacad
# environment
SESSION_MANAGER = local/e2r13p12.42.fr:@/tmp/.ICE-unix/40248,unix/e2r13p12.42.fr:/tmp/.ICE-unix/40248
# environment
XDG_RUNTIME_DIR = /run/user/39231
# environment
XDG_MENU_PREFIX = gnome-
# environment
VSCODE_LOG_STACK = false
# environment
ELECTRON_RUN_AS_NODE = 1
# environment
INVOCATION_ID = 74f6261ea05745e9a20b16f5cc869128
# default
.FEATURES := target-specific order-only second-expansion else-if shortest-stem undefine oneshell archives jobserver output-sync check-symlink load
# environment
XDG_GREETER_DATA_DIR = /var/lib/lightdm-data/tmoragli
# environment
LS_COLORS = 
# environment
XDG_SESSION_DESKTOP = ubuntu
# environment
SSH_AUTH_SOCK = /run/user/39231/keyring/ssh
# environment
GIO_LAUNCHED_DESKTOP_FILE_PID = 40785
# automatic
%F = $(notdir $%)
# environment
DISPLAY = :0
# environment
VSCODE_PIPE_LOGGING = true
# environment
PWD = /mnt/nfs/homes/tmoragli/42/minishell
# default
.LOADED := 
# environment
SSH_AGENT_PID = 40196
# environment
ORIGINAL_XDG_CURRENT_DESKTOP = ubuntu:GNOME
# environment
GTK_MODULES = gail:atk-bridge
# environment
VSCODE_AMD_ENTRYPOINT = vs/workbench/api/node/extensionHostProcess
# environment
HOME = /mnt/nfs/homes/tmoragli
# environment
VSCODE_CODE_CACHE_PATH = /mnt/nfs/homes/tmoragli/.config/Code/CachedData/30d9c6cd9483b2cc586687151bcbcd635f373630
# environment
LOGNAME = tmoragli
# environment
APPLICATION_INSIGHTS_NO_DIAGNOSTIC_CHANNEL = 1
# environment
ZSH = /mnt/nfs/homes/tmoragli/.oh-my-zsh
# environment
VSCODE_HANDLES_UNCAUGHT_ERRORS = true
# environment
GNOME_DESKTOP_SESSION_ID = this-is-deprecated
# automatic
^D = $(patsubst %/,%,$(dir $^))
# environment
MAKELEVEL := 0
# default
MAKE = $(MAKE_COMMAND)
# default
MAKECMDGOALS := all
# environment
QT_IM_MODULE = ibus
# makefile (from 'Makefile', line 14)
SRCS = srcs/minishell.c srcs/parsing.c
# environment
SHLVL = 1
# makefile (from 'Makefile', line 25)
LIBFT = libft/libft.a
# makefile (from 'Makefile', line 20)
CC = gcc
# environment
IM_CONFIG_PHASE = 1
# default
MAKE_VERSION := 4.2.1
# environment
USER = tmoragli
# makefile
.DEFAULT_GOAL := all
# environment
XDG_CURRENT_DESKTOP = Unity
# environment
LIBVIRT_DEFAULT_URI = qemu:///system
# environment
LESS = -R
# automatic
%D = $(patsubst %/,%,$(dir $%))
# default
MAKE_COMMAND := make
# environment
OLDPWD = /mnt/nfs/homes/tmoragli
# default
.VARIABLES := 
# automatic
*F = $(notdir $*)
# environment
XDG_SEAT_PATH = /org/freedesktop/DisplayManager/Seat0
# environment
VSCODE_IPC_HOOK = /run/user/39231/vscode-bbeecf36-1.68.1-main.sock
# makefile
MAKEFLAGS = pqrR
# environment
MFLAGS = -pqrR
# automatic
*D = $(patsubst %/,%,$(dir $*))
# automatic
+D = $(patsubst %/,%,$(dir $+))
# environment
GDK_BACKEND = x11
# automatic
+F = $(notdir $+)
# environment
QT_ACCESSIBILITY = 1
# environment
DEFAULTS_PATH = /usr/share/gconf/ubuntu.default.path
# default
MAKEFILES := 
# automatic
<F = $(notdir $<)
# environment
PAGER = less
# environment
LC_ALL = C
# environment
GJS_DEBUG_TOPICS = JS ERROR;JS LOG
# automatic
^F = $(notdir $^)
# default
SUFFIXES := 
# makefile (from 'Makefile', line 24)
FLAGS = -Wall -Werror -Wextra -lreadline $(INCLUDES) -g3
# environment
CHROME_DESKTOP = code-url-handler.desktop
# default
.INCLUDE_DIRS = /usr/include /usr/local/include /usr/include
# environment
GJS_DEBUG_OUTPUT = stderr
# default
.RECIPEPREFIX := 
# environment
LANG = C
# environment
DOCKER_HOST = unix:///run/user/39231/docker.sock
# environment
VSCODE_PID = 40785
# variable set hash-table stats:
# Load=114/1024=11%, Rehash=0, Collisions=12/148=8%

# Pattern-specific Variable Values

# No pattern-specific variable values.

# Directories

# . (device 59, inode 211877973): 12 files, no impossibilities.

# 12 files, no impossibilities in 1 directories.

# Implicit Rules

# No implicit rules.

# Files

# Not a target:
srcs/parsing.o:
#  Implicit rule search has not been done.
#  Modification time never checked.
#  File has not been updated.

all: start_message minishell
#  Phony target (prerequisite of .PHONY).
#  Command line target.
#  Implicit rule search has not been done.
#  File does not exist.
#  File has been updated.
#  Needs to be updated (-q is set).
# variable set hash-table stats:
# Load=0/32=0%, Rehash=0, Collisions=0/3=0%

.PHONY: all clean fclean re
#  Implicit rule search has not been done.
#  Modification time never checked.
#  File has not been updated.

# Not a target:
.SUFFIXES:
#  Implicit rule search has not been done.
#  Modification time never checked.
#  File has not been updated.

# Not a target:
Makefile:
#  Implicit rule search has been done.
#  Last modified 2022-07-03 22:31:08.468327124
 
#  File has been updated.
#  Successfully updated.

start_link:
#  Implicit rule search has not been done.
#  Modification time never checked.
#  File has not been updated.
#  recipe to execute (from 'Makefile', line 58):
				@echo "\033[1;32mLinking all objects\033[0;32m"

minishell: libft/libft.a srcs/minishell.o srcs/parsing.o start_link
#  Implicit rule search has not been done.
#  Modification time never checked.
#  File has not been updated.
#  recipe to execute (from 'Makefile', line 32):
				$(CC) $(OBJS) $(FLAGS) -o $(MINISHELL) $(LD_FLAGS)
				@echo "\033[1;31mminishell\033[0m is ready to use!"

libft/libft.a:
#  Implicit rule search has not been done.
#  Modification time never checked.
#  File has not been updated.
#  recipe to execute (from 'Makefile', line 36):
				@make  -C libft -f Makefile

add_flag:
#  Implicit rule search has not been done.
#  Modification time never checked.
#  File has not been updated.
#  recipe to execute (from 'Makefile', line 39):
			$(eval FLAGS := -D BONUS=1)

.c.o:
#  Implicit rule search has not been done.
#  Modification time never checked.
#  File has not been updated.
#  recipe to execute (from 'Makefile', line 27):
				$(CC) -c $< -o $(<:.c=.o) $(FLAGS)

fclean:
#  Phony target (prerequisite of .PHONY).
#  Implicit rule search has not been done.
#  File does not exist.
#  File has not been updated.
#  recipe to execute (from 'Makefile', line 48):
					@make -s -C libft -f Makefile fclean
					@echo "\033[0;33mRemoving \033[1;31mminishell\033[0;33m.\033[0m"
					$(RM) $(MINISHELL) $(OBJS)
					$(RM) $(OBJS)

# Not a target:
srcs/minishell.o:
#  Implicit rule search has not been done.
#  Modification time never checked.
#  File has not been updated.

# Not a target:
.DEFAULT:
#  Implicit rule search has not been done.
#  Modification time never checked.
#  File has not been updated.

re: fclean all
#  Phony target (prerequisite of .PHONY).
#  Implicit rule search has not been done.
#  File does not exist.
#  File has not been updated.

clean:
#  Phony target (prerequisite of .PHONY).
#  Implicit rule search has not been done.
#  File does not exist.
#  File has not been updated.
#  recipe to execute (from 'Makefile', line 43):
					@make -s -C libft -f Makefile clean
					@echo "\033[0;33mCleaning \033[1;31mminishell\033[0;33m's objects\033[0m"
					$(RM) $(OBJS)

start_message:
#  Implicit rule search has not been done.
#  Implicit/static pattern stem: ''
#  File does not exist.
#  File has been updated.
#  Needs to be updated (-q is set).
# automatic
# @ := start_message
# automatic
# % := 
# automatic
# * := 
# automatic
# + := 
# automatic
# | := 
# automatic
# < := 
# automatic
# ^ := 
# automatic
# ? := 
# variable set hash-table stats:
# Load=8/32=25%, Rehash=0, Collisions=1/11=9%
#  recipe to execute (from 'Makefile', line 54):
				@echo "\033[0;31mMaking \033[1;31mminishell"
				@echo "\033[1;32mCompiling objects\033[0;32m"

# files hash-table stats:
# Load=16/1024=2%, Rehash=0, Collisions=0/44=0%
# VPATH Search Paths

# No 'vpath' search paths.

# No general ('VPATH' variable) search path.

# strcache buffers: 1 (0) / strings = 28 / storage = 257 B / avg = 9 B
# current buf: size = 8162 B / used = 257 B / count = 28 / avg = 9 B

# strcache performance: lookups = 56 / hit rate = 50%
# hash-table stats:
# Load=28/8192=0%, Rehash=0, Collisions=1/56=2%
# Finished Make data base on Mon Jul  4 00:03:03 2022

 
